<?xml version="1.0" encoding="UTF-8"?>
<!-- Generated by org.testng.reporters.JUnitReportReporter -->
<testsuite hostname="potter" failures="0" tests="1" name="example.pages.login.LoginPageTest" time="12.510" errors="0" timestamp="28 Sep. 2021 13:08:21 GMT" skipped="0">
  <testcase classname="example.pages.login.LoginPageTest" name="testLoginAdminSuccess" time="12.510"/>
</testsuite> <!-- example.pages.login.LoginPageTest -->
